<?xml version="1.0" encoding="UTF-8"?>
<!-- Generated by org.testng.reporters.JUnitReportReporter -->
<testsuite hostname="Stephanies-MacBook-Air.local" failures="0" tests="1" name="org.selenium.FirstTestCase" time="13.688" errors="0" timestamp="2023-08-07T20:57:25 EDT" skipped="0">
  <testcase classname="org.selenium.FirstTestCase" name="guestCheckoutUsingDirectBankTransfer" time="13.688"/>
</testsuite> <!-- org.selenium.FirstTestCase -->
