<?xml version="1.0" encoding="UTF-8"?>
<!-- Generated by org.testng.reporters.JUnitReportReporter -->
<testsuite hostname="Stephanies-MacBook-Air.local" failures="0" tests="1" name="org.selenium.pom.tests.SearchTest" time="5.085" errors="0" timestamp="2023-08-09T18:28:37 EDT" skipped="0">
  <testcase classname="org.selenium.pom.tests.SearchTest" name="searchWithPartialMatch" time="5.085"/>
</testsuite> <!-- org.selenium.pom.tests.SearchTest -->
