<?xml version="1.0" encoding="UTF-8"?>
<!-- Generated by org.testng.reporters.JUnitReportReporter -->
<testsuite hostname="Stephanies-MacBook-Air.local" failures="0" tests="1" name="org.selenium.pom.tests.FirstTestCase" time="15.712" errors="0" timestamp="2023-08-09T13:41:05 EDT" skipped="0">
  <testcase classname="org.selenium.pom.tests.FirstTestCase" name="loginAndCheckoutUsingDirectBankTransfer" time="15.712"/>
</testsuite> <!-- org.selenium.pom.tests.FirstTestCase -->
